[ 2025-08-31 16:35:58,712 ] 42 root - INFO - Start data Ingestion
[ 2025-08-31 16:36:08,302 ] 65 root - INFO - Performed train test split on the dataframe
[ 2025-08-31 16:36:08,303 ] 67 root - INFO - Exited split_data_as_train_test method of Data_Ingestion class
[ 2025-08-31 16:36:08,303 ] 75 root - INFO - Exporting train and test file path.
[ 2025-08-31 16:36:08,507 ] 84 root - INFO - Exported train and test file path.
[ 2025-08-31 16:36:08,507 ] 45 root - INFO - Data Ingestion completed and artifact: DataIngestionArtifact(trained_file_path='Artifacts\\08_31_2025_16_35_53\\data_ingestion\\ingested\\train.csv', test_file_path='Artifacts\\08_31_2025_16_35_53\\data_ingestion\\ingested\\test.csv')
[ 2025-08-31 16:36:08,596 ] 55 root - INFO - Initiate the data Validation
[ 2025-08-31 16:36:08,765 ] 32 root - INFO - Required number of columns:2
[ 2025-08-31 16:36:08,765 ] 33 root - INFO - Data frame has columns:31
[ 2025-08-31 16:36:08,765 ] 32 root - INFO - Required number of columns:2
[ 2025-08-31 16:36:08,765 ] 33 root - INFO - Data frame has columns:31
[ 2025-08-31 16:36:09,303 ] 63 root - INFO - Entered initiate_data_transformation method of DataTransformation class
[ 2025-08-31 16:36:09,319 ] 65 root - INFO - Starting data transformation
[ 2025-08-31 16:36:09,375 ] 48 root - INFO - Entered get_data_trnasformer_object method of Trnasformation class
[ 2025-08-31 16:36:09,375 ] 53 root - INFO - Initialise KNNImputer with {'missing_values': nan, 'n_neighbors': 3, 'weights': 'uniform'}
[ 2025-08-31 16:36:09,483 ] 46 root - INFO - Entered the save_object method of MainUtils class
[ 2025-08-31 16:36:09,488 ] 50 root - INFO - Exited the save_object method of MainUtils class
[ 2025-08-31 16:36:09,488 ] 46 root - INFO - Entered the save_object method of MainUtils class
[ 2025-08-31 16:36:09,488 ] 50 root - INFO - Exited the save_object method of MainUtils class
[ 2025-08-31 16:41:38,571 ] 46 root - INFO - Entered the save_object method of MainUtils class
[ 2025-08-31 16:41:38,571 ] 50 root - INFO - Exited the save_object method of MainUtils class
[ 2025-08-31 16:41:38,571 ] 46 root - INFO - Entered the save_object method of MainUtils class
[ 2025-08-31 16:41:38,622 ] 50 root - INFO - Exited the save_object method of MainUtils class
[ 2025-08-31 16:41:38,622 ] 152 root - INFO - Model trainer artifact: ModelTrainerArtifact(trained_model_file_path='Artifacts\\08_31_2025_16_35_53\\model_trainer\\trained_model\\model.pkl', train_metric_artifact=ClassificationMetricArtifact(f1_score=0.9910641754670999, precision_score=0.9872547036212826, recall_score=0.9949031600407747), test_metric_artifact=ClassificationMetricArtifact(f1_score=0.9774257425742574, precision_score=0.969363707776905, recall_score=0.9856230031948882))
[ 2025-08-31 16:41:44,470 ] 42 root - INFO - Start data Ingestion
[ 2025-08-31 16:41:47,587 ] 65 root - INFO - Performed train test split on the dataframe
[ 2025-08-31 16:41:47,587 ] 67 root - INFO - Exited split_data_as_train_test method of Data_Ingestion class
[ 2025-08-31 16:41:47,587 ] 75 root - INFO - Exporting train and test file path.
[ 2025-08-31 16:41:47,652 ] 84 root - INFO - Exported train and test file path.
[ 2025-08-31 16:41:47,652 ] 45 root - INFO - Data Ingestion completed and artifact: DataIngestionArtifact(trained_file_path='Artifacts\\08_31_2025_16_35_53\\data_ingestion\\ingested\\train.csv', test_file_path='Artifacts\\08_31_2025_16_35_53\\data_ingestion\\ingested\\test.csv')
[ 2025-08-31 16:41:47,658 ] 55 root - INFO - Initiate the data Validation
[ 2025-08-31 16:41:47,740 ] 32 root - INFO - Required number of columns:2
[ 2025-08-31 16:41:47,740 ] 33 root - INFO - Data frame has columns:31
[ 2025-08-31 16:41:47,740 ] 32 root - INFO - Required number of columns:2
[ 2025-08-31 16:41:47,740 ] 33 root - INFO - Data frame has columns:31
[ 2025-08-31 16:41:47,981 ] 63 root - INFO - Entered initiate_data_transformation method of DataTransformation class
[ 2025-08-31 16:41:47,981 ] 65 root - INFO - Starting data transformation
[ 2025-08-31 16:41:48,010 ] 48 root - INFO - Entered get_data_trnasformer_object method of Trnasformation class
[ 2025-08-31 16:41:48,010 ] 53 root - INFO - Initialise KNNImputer with {'missing_values': nan, 'n_neighbors': 3, 'weights': 'uniform'}
[ 2025-08-31 16:41:48,072 ] 46 root - INFO - Entered the save_object method of MainUtils class
[ 2025-08-31 16:41:48,080 ] 50 root - INFO - Exited the save_object method of MainUtils class
[ 2025-08-31 16:41:48,080 ] 46 root - INFO - Entered the save_object method of MainUtils class
[ 2025-08-31 16:41:48,091 ] 50 root - INFO - Exited the save_object method of MainUtils class
[ 2025-08-31 16:47:31,537 ] 46 root - INFO - Entered the save_object method of MainUtils class
[ 2025-08-31 16:47:31,539 ] 50 root - INFO - Exited the save_object method of MainUtils class
[ 2025-08-31 16:47:31,539 ] 46 root - INFO - Entered the save_object method of MainUtils class
[ 2025-08-31 16:47:31,567 ] 50 root - INFO - Exited the save_object method of MainUtils class
[ 2025-08-31 16:47:31,568 ] 152 root - INFO - Model trainer artifact: ModelTrainerArtifact(trained_model_file_path='Artifacts\\08_31_2025_16_35_53\\model_trainer\\trained_model\\model.pkl', train_metric_artifact=ClassificationMetricArtifact(f1_score=0.9913288969550312, precision_score=0.9895330112721417, recall_score=0.9931313131313131), test_metric_artifact=ClassificationMetricArtifact(f1_score=0.9686468646864687, precision_score=0.9646672144617913, recall_score=0.9726594863297432))
